09:48:30 **** Build of configuration x86_64-debug for project des_display ****
make -j6 all 
qcc -Vgcc_ntox86_64 -c -Wp,-MMD,build/x86_64-debug/src/des_display.d,-MT,build/x86_64-debug/src/des_display.o -o build/x86_64-debug/src/des_display.o  -Wall -fmessage-length=0 -g -O0 -fno-builtin  src/des_display.c
qcc -Vgcc_ntox86_64 -o build/x86_64-debug/des_display   build/x86_64-debug/src/des_display.o  
09:49:18 **** Build of configuration x86_64-debug for project des_controller ****
make -j6 all 
qcc -Vgcc_ntox86_64 -c -Wp,-MMD,build/x86_64-debug/src/des_controller.d,-MT,build/x86_64-debug/src/des_controller.o -o build/x86_64-debug/src/des_controller.o  -Wall -fmessage-length=0 -g -O0 -fno-builtin  src/des_controller.c
qcc -Vgcc_ntox86_64 -o build/x86_64-debug/des_controller   build/x86_64-debug/src/des_controller.o  
09:49:59 **** Build of configuration x86_64-debug for project des_inputs ****
make -j6 all 
qcc -Vgcc_ntox86_64 -c -Wp,-MMD,build/x86_64-debug/src/des_inputs.d,-MT,build/x86_64-debug/src/des_inputs.o -o build/x86_64-debug/src/des_inputs.o  -Wall -fmessage-length=0 -g -O0 -fno-builtin  src/des_inputs.c
qcc -Vgcc_ntox86_64 -o build/x86_64-debug/des_inputs   build/x86_64-debug/src/des_inputs.o  
09:52:36 **** Incremental Build of configuration x86_64-debug for project des_controller ****
make -j6 all 
qcc -Vgcc_ntox86_64 -c -Wp,-MMD,build/x86_64-debug/src/des_controller.d,-MT,build/x86_64-debug/src/des_controller.o -o build/x86_64-debug/src/des_controller.o  -Wall -fmessage-length=0 -g -O0 -fno-builtin  src/des_controller.c
src/des_controller.c: In function 'main':
src/des_controller.c:120:22: error: incompatible types when assigning to type 'State (*)(Message *)' {aka 'enum <anonymous> (*)(struct <anonymous> *)'} from type 'State' {aka 'enum <anonymous>'}
         stateHandler = stateHandler(&msg);
                      ^
cc: C:/Users/gemmx/qnx710/host/win64/x86_64/usr/lib/gcc/x86_64-pc-nto-qnx7.1.0/8.3.0/cc1 caught signal 1
make: *** [build/x86_64-debug/src/des_controller.o] Error 1
Makefile:55: recipe for target 'build/x86_64-debug/src/des_controller.o' failed
"make -j6 all" terminated with exit code 2. Build might be incomplete.
09:52:37 **** Incremental Build of configuration x86_64-debug for project des_display ****
make -j6 all 
qcc -Vgcc_ntox86_64 -c -Wp,-MMD,build/x86_64-debug/src/des_display.d,-MT,build/x86_64-debug/src/des_display.o -o build/x86_64-debug/src/des_display.o  -Wall -fmessage-length=0 -g -O0 -fno-builtin  src/des_display.c
qcc -Vgcc_ntox86_64 -o build/x86_64-debug/des_display   build/x86_64-debug/src/des_display.o  
09:52:37 **** Incremental Build of configuration x86_64-debug for project des_inputs ****
make -j6 all 
qcc -Vgcc_ntox86_64 -c -Wp,-MMD,build/x86_64-debug/src/des_inputs.d,-MT,build/x86_64-debug/src/des_inputs.o -o build/x86_64-debug/src/des_inputs.o  -Wall -fmessage-length=0 -g -O0 -fno-builtin  src/des_inputs.c
qcc -Vgcc_ntox86_64 -o build/x86_64-debug/des_inputs   build/x86_64-debug/src/des_inputs.o  
10:05:24 **** Incremental Build of configuration x86_64-debug for project des_controller ****
make -j6 all 
qcc -Vgcc_ntox86_64 -c -Wp,-MMD,build/x86_64-debug/src/des_controller.d,-MT,build/x86_64-debug/src/des_controller.o -o build/x86_64-debug/src/des_controller.o  -Wall -fmessage-length=0 -g -O0 -fno-builtin  src/des_controller.c
qcc -Vgcc_ntox86_64 -o build/x86_64-debug/des_controller   build/x86_64-debug/src/des_controller.o  
10:05:27 **** Incremental Build of configuration x86_64-debug for project des_display ****
make -j6 all 
make: Nothing to be done for 'all'.
10:05:28 **** Incremental Build of configuration x86_64-debug for project des_inputs ****
make -j6 all 
make: Nothing to be done for 'all'.
10:13:26 **** Incremental Build of configuration x86_64-debug for project des_display ****
make -j6 all 
make: Nothing to be done for 'all'.
10:15:13 **** Incremental Build of configuration x86_64-debug for project des_display ****
make -j6 all 
make: Nothing to be done for 'all'.
10:28:41 **** Incremental Build of configuration x86_64-debug for project des_controller ****
make -j6 all 
qcc -Vgcc_ntox86_64 -c -Wp,-MMD,build/x86_64-debug/src/des_controller.d,-MT,build/x86_64-debug/src/des_controller.o -o build/x86_64-debug/src/des_controller.o  -Wall -fmessage-length=0 -g -O0 -fno-builtin  src/des_controller.c
src/des_controller.c: In function 'main':
src/des_controller.c:114:45: error: '_IOX_SERVER' undeclared (first use in this function)
     if (ConnectAttach(0, display_pid, chid, _IOX_SERVER, 0) == -1) {
                                             ^~~~~~~~~~~
src/des_controller.c:114:45: note: each undeclared identifier is reported only once for each function it appears in
cc: C:/Users/gemmx/qnx710/host/win64/x86_64/usr/lib/gcc/x86_64-pc-nto-qnx7.1.0/8.3.0/cc1 caught signal 1
Makefile:55: recipe for target 'build/x86_64-debug/src/des_controller.o' failed
make: *** [build/x86_64-debug/src/des_controller.o] Error 1
"make -j6 all" terminated with exit code 2. Build might be incomplete.
10:28:41 **** Incremental Build of configuration x86_64-debug for project des_display ****
make -j6 all 
qcc -Vgcc_ntox86_64 -c -Wp,-MMD,build/x86_64-debug/src/des_display.d,-MT,build/x86_64-debug/src/des_display.o -o build/x86_64-debug/src/des_display.o  -Wall -fmessage-length=0 -g -O0 -fno-builtin  src/des_display.c
src/des_display.c: In function 'main':
src/des_display.c:46:18: error: 'EVENT_EXIT' undeclared (first use in this function); did you mean 'ENETRESET'?
             case EVENT_EXIT:
                  ^~~~~~~~~~
                  ENETRESET
src/des_display.c:46:18: note: each undeclared identifier is reported only once for each function it appears in
src/des_display.c:51:43: error: 'Message' {aka 'struct <anonymous>'} has no member named 'status'
                 printf("Status: %s\n", msg.status);
                                           ^
cc: C:/Users/gemmx/qnx710/host/win64/x86_64/usr/lib/gcc/x86_64-pc-nto-qnx7.1.0/8.3.0/cc1 caught signal 1
Makefile:55: recipe for target 'build/x86_64-debug/src/des_display.o' failed
make: *** [build/x86_64-debug/src/des_display.o] Error 1
"make -j6 all" terminated with exit code 2. Build might be incomplete.
10:28:42 **** Incremental Build of configuration x86_64-debug for project des_inputs ****
make -j6 all 
qcc -Vgcc_ntox86_64 -c -Wp,-MMD,build/x86_64-debug/src/des_inputs.d,-MT,build/x86_64-debug/src/des_inputs.o -o build/x86_64-debug/src/des_inputs.o  -Wall -fmessage-length=0 -g -O0 -fno-builtin  src/des_inputs.c
qcc -Vgcc_ntox86_64 -o build/x86_64-debug/des_inputs   build/x86_64-debug/src/des_inputs.o  
10:30:55 **** Incremental Build of configuration x86_64-debug for project des_controller ****
make -j6 all 
qcc -Vgcc_ntox86_64 -c -Wp,-MMD,build/x86_64-debug/src/des_controller.d,-MT,build/x86_64-debug/src/des_controller.o -o build/x86_64-debug/src/des_controller.o  -Wall -fmessage-length=0 -g -O0 -fno-builtin  src/des_controller.c
src/des_controller.c: In function 'main':
src/des_controller.c:114:45: error: '_IOX_SERVER' undeclared (first use in this function)
     if (ConnectAttach(0, display_pid, chid, _IOX_SERVER, 0) == -1) {
                                             ^~~~~~~~~~~
src/des_controller.c:114:45: note: each undeclared identifier is reported only once for each function it appears in
cc: C:/Users/gemmx/qnx710/host/win64/x86_64/usr/lib/gcc/x86_64-pc-nto-qnx7.1.0/8.3.0/cc1 caught signal 1
Makefile:55: recipe for target 'build/x86_64-debug/src/des_controller.o' failed
make: *** [build/x86_64-debug/src/des_controller.o] Error 1
"make -j6 all" terminated with exit code 2. Build might be incomplete.
10:30:55 **** Incremental Build of configuration x86_64-debug for project des_display ****
make -j6 all 
qcc -Vgcc_ntox86_64 -c -Wp,-MMD,build/x86_64-debug/src/des_display.d,-MT,build/x86_64-debug/src/des_display.o -o build/x86_64-debug/src/des_display.o  -Wall -fmessage-length=0 -g -O0 -fno-builtin  src/des_display.c
src/des_display.c: In function 'main':
src/des_display.c:51:43: error: 'Message' {aka 'struct <anonymous>'} has no member named 'status'
                 printf("Status: %s\n", msg.status);
                                           ^
cc: C:/Users/gemmx/qnx710/host/win64/x86_64/usr/lib/gcc/x86_64-pc-nto-qnx7.1.0/8.3.0/cc1 caught signal 1
Makefile:55: recipe for target 'build/x86_64-debug/src/des_display.o' failed
make: *** [build/x86_64-debug/src/des_display.o] Error 1
"make -j6 all" terminated with exit code 2. Build might be incomplete.
10:30:56 **** Incremental Build of configuration x86_64-debug for project des_inputs ****
make -j6 all 
qcc -Vgcc_ntox86_64 -c -Wp,-MMD,build/x86_64-debug/src/des_inputs.d,-MT,build/x86_64-debug/src/des_inputs.o -o build/x86_64-debug/src/des_inputs.o  -Wall -fmessage-length=0 -g -O0 -fno-builtin  src/des_inputs.c
qcc -Vgcc_ntox86_64 -o build/x86_64-debug/des_inputs   build/x86_64-debug/src/des_inputs.o  
10:31:29 **** Incremental Build of configuration x86_64-debug for project des_controller ****
make -j6 all 
qcc -Vgcc_ntox86_64 -c -Wp,-MMD,build/x86_64-debug/src/des_controller.d,-MT,build/x86_64-debug/src/des_controller.o -o build/x86_64-debug/src/des_controller.o  -Wall -fmessage-length=0 -g -O0 -fno-builtin  src/des_controller.c
In file included from src/des_controller.c:1:
src/des.h:46:5: error: unknown type name 'String'
     String status;
     ^~~~~~
src/des_controller.c: In function 'main':
src/des_controller.c:114:45: error: '_IOX_SERVER' undeclared (first use in this function)
     if (ConnectAttach(0, display_pid, chid, _IOX_SERVER, 0) == -1) {
                                             ^~~~~~~~~~~
src/des_controller.c:114:45: note: each undeclared identifier is reported only once for each function it appears in
cc: C:/Users/gemmx/qnx710/host/win64/x86_64/usr/lib/gcc/x86_64-pc-nto-qnx7.1.0/8.3.0/cc1 caught signal 1
make: *** [build/x86_64-debug/src/des_controller.o] Error 1
Makefile:55: recipe for target 'build/x86_64-debug/src/des_controller.o' failed
"make -j6 all" terminated with exit code 2. Build might be incomplete.
10:31:30 **** Incremental Build of configuration x86_64-debug for project des_display ****
make -j6 all 
qcc -Vgcc_ntox86_64 -c -Wp,-MMD,build/x86_64-debug/src/des_display.d,-MT,build/x86_64-debug/src/des_display.o -o build/x86_64-debug/src/des_display.o  -Wall -fmessage-length=0 -g -O0 -fno-builtin  src/des_display.c
In file included from src/des_display.c:1:
src/../../des_controller/src/des.h:46:5: error: unknown type name 'String'
     String status;
     ^~~~~~
cc: C:/Users/gemmx/qnx710/host/win64/x86_64/usr/lib/gcc/x86_64-pc-nto-qnx7.1.0/8.3.0/cc1 caught signal 1
Makefile:55: recipe for target 'build/x86_64-debug/src/des_display.o' failed
make: *** [build/x86_64-debug/src/des_display.o] Error 1
"make -j6 all" terminated with exit code 2. Build might be incomplete.
10:31:30 **** Incremental Build of configuration x86_64-debug for project des_inputs ****
make -j6 all 
qcc -Vgcc_ntox86_64 -c -Wp,-MMD,build/x86_64-debug/src/des_inputs.d,-MT,build/x86_64-debug/src/des_inputs.o -o build/x86_64-debug/src/des_inputs.o  -Wall -fmessage-length=0 -g -O0 -fno-builtin  src/des_inputs.c
In file included from src/des_inputs.c:1:
src/../../des_controller/src/des.h:46:5: error: unknown type name 'String'
     String status;
     ^~~~~~
cc: C:/Users/gemmx/qnx710/host/win64/x86_64/usr/lib/gcc/x86_64-pc-nto-qnx7.1.0/8.3.0/cc1 caught signal 1
Makefile:55: recipe for target 'build/x86_64-debug/src/des_inputs.o' failed
make: *** [build/x86_64-debug/src/des_inputs.o] Error 1
"make -j6 all" terminated with exit code 2. Build might be incomplete.
10:33:13 **** Incremental Build of configuration x86_64-debug for project des_controller ****
make -j6 all 
qcc -Vgcc_ntox86_64 -c -Wp,-MMD,build/x86_64-debug/src/des_controller.d,-MT,build/x86_64-debug/src/des_controller.o -o build/x86_64-debug/src/des_controller.o  -Wall -fmessage-length=0 -g -O0 -fno-builtin  src/des_controller.c
In file included from src/des_controller.c:1:
src/des.h:46:5: error: unknown type name 'String'
     String status;
     ^~~~~~
src/des_controller.c: In function 'main':
src/des_controller.c:114:45: error: '_IOX_CONNECT' undeclared (first use in this function)
     if (ConnectAttach(0, display_pid, chid, _IOX_CONNECT, 0) == -1) {
                                             ^~~~~~~~~~~~
src/des_controller.c:114:45: note: each undeclared identifier is reported only once for each function it appears in
cc: C:/Users/gemmx/qnx710/host/win64/x86_64/usr/lib/gcc/x86_64-pc-nto-qnx7.1.0/8.3.0/cc1 caught signal 1
Makefile:55: recipe for target 'build/x86_64-debug/src/des_controller.o' failed
make: *** [build/x86_64-debug/src/des_controller.o] Error 1
"make -j6 all" terminated with exit code 2. Build might be incomplete.
10:33:14 **** Incremental Build of configuration x86_64-debug for project des_display ****
make -j6 all 
qcc -Vgcc_ntox86_64 -c -Wp,-MMD,build/x86_64-debug/src/des_display.d,-MT,build/x86_64-debug/src/des_display.o -o build/x86_64-debug/src/des_display.o  -Wall -fmessage-length=0 -g -O0 -fno-builtin  src/des_display.c
In file included from src/des_display.c:1:
src/../../des_controller/src/des.h:46:5: error: unknown type name 'String'
     String status;
     ^~~~~~
cc: C:/Users/gemmx/qnx710/host/win64/x86_64/usr/lib/gcc/x86_64-pc-nto-qnx7.1.0/8.3.0/cc1 caught signal 1
Makefile:55: recipe for target 'build/x86_64-debug/src/des_display.o' failed
make: *** [build/x86_64-debug/src/des_display.o] Error 1
"make -j6 all" terminated with exit code 2. Build might be incomplete.
10:33:14 **** Incremental Build of configuration x86_64-debug for project des_inputs ****
make -j6 all 
qcc -Vgcc_ntox86_64 -c -Wp,-MMD,build/x86_64-debug/src/des_inputs.d,-MT,build/x86_64-debug/src/des_inputs.o -o build/x86_64-debug/src/des_inputs.o  -Wall -fmessage-length=0 -g -O0 -fno-builtin  src/des_inputs.c
In file included from src/des_inputs.c:1:
src/../../des_controller/src/des.h:46:5: error: unknown type name 'String'
     String status;
     ^~~~~~
cc: C:/Users/gemmx/qnx710/host/win64/x86_64/usr/lib/gcc/x86_64-pc-nto-qnx7.1.0/8.3.0/cc1 caught signal 1
make: *** [build/x86_64-debug/src/des_inputs.o] Error 1
Makefile:55: recipe for target 'build/x86_64-debug/src/des_inputs.o' failed
"make -j6 all" terminated with exit code 2. Build might be incomplete.
10:35:59 **** Incremental Build of configuration x86_64-debug for project des_controller ****
make -j6 all 
qcc -Vgcc_ntox86_64 -c -Wp,-MMD,build/x86_64-debug/src/des_controller.d,-MT,build/x86_64-debug/src/des_controller.o -o build/x86_64-debug/src/des_controller.o  -Wall -fmessage-length=0 -g -O0 -fno-builtin  src/des_controller.c
In file included from src/des_controller.c:1:
src/des.h:46:5: error: unknown type name 'String'
     String status;
     ^~~~~~
cc: C:/Users/gemmx/qnx710/host/win64/x86_64/usr/lib/gcc/x86_64-pc-nto-qnx7.1.0/8.3.0/cc1 caught signal 1
Makefile:55: recipe for target 'build/x86_64-debug/src/des_controller.o' failed
make: *** [build/x86_64-debug/src/des_controller.o] Error 1
"make -j6 all" terminated with exit code 2. Build might be incomplete.
10:35:59 **** Incremental Build of configuration x86_64-debug for project des_display ****
make -j6 all 
qcc -Vgcc_ntox86_64 -c -Wp,-MMD,build/x86_64-debug/src/des_display.d,-MT,build/x86_64-debug/src/des_display.o -o build/x86_64-debug/src/des_display.o  -Wall -fmessage-length=0 -g -O0 -fno-builtin  src/des_display.c
In file included from src/des_display.c:1:
src/../../des_controller/src/des.h:46:5: error: unknown type name 'String'
     String status;
     ^~~~~~
cc: C:/Users/gemmx/qnx710/host/win64/x86_64/usr/lib/gcc/x86_64-pc-nto-qnx7.1.0/8.3.0/cc1 caught signal 1
Makefile:55: recipe for target 'build/x86_64-debug/src/des_display.o' failed
make: *** [build/x86_64-debug/src/des_display.o] Error 1
"make -j6 all" terminated with exit code 2. Build might be incomplete.
10:35:59 **** Incremental Build of configuration x86_64-debug for project des_inputs ****
make -j6 all 
qcc -Vgcc_ntox86_64 -c -Wp,-MMD,build/x86_64-debug/src/des_inputs.d,-MT,build/x86_64-debug/src/des_inputs.o -o build/x86_64-debug/src/des_inputs.o  -Wall -fmessage-length=0 -g -O0 -fno-builtin  src/des_inputs.c
In file included from src/des_inputs.c:1:
src/../../des_controller/src/des.h:46:5: error: unknown type name 'String'
     String status;
     ^~~~~~
cc: C:/Users/gemmx/qnx710/host/win64/x86_64/usr/lib/gcc/x86_64-pc-nto-qnx7.1.0/8.3.0/cc1 caught signal 1
make: *** [build/x86_64-debug/src/des_inputs.o] Error 1
Makefile:55: recipe for target 'build/x86_64-debug/src/des_inputs.o' failed
"make -j6 all" terminated with exit code 2. Build might be incomplete.
10:36:36 **** Incremental Build of configuration x86_64-debug for project des_controller ****
make -j6 all 
qcc -Vgcc_ntox86_64 -c -Wp,-MMD,build/x86_64-debug/src/des_controller.d,-MT,build/x86_64-debug/src/des_controller.o -o build/x86_64-debug/src/des_controller.o  -Wall -fmessage-length=0 -g -O0 -fno-builtin  src/des_controller.c
In file included from src/des_controller.c:1:
src/des.h:46:5: error: unknown type name 'string'
     string status;
     ^~~~~~
cc: C:/Users/gemmx/qnx710/host/win64/x86_64/usr/lib/gcc/x86_64-pc-nto-qnx7.1.0/8.3.0/cc1 caught signal 1
make: *** [build/x86_64-debug/src/des_controller.o] Error 1
Makefile:55: recipe for target 'build/x86_64-debug/src/des_controller.o' failed
"make -j6 all" terminated with exit code 2. Build might be incomplete.
10:36:37 **** Incremental Build of configuration x86_64-debug for project des_display ****
make -j6 all 
qcc -Vgcc_ntox86_64 -c -Wp,-MMD,build/x86_64-debug/src/des_display.d,-MT,build/x86_64-debug/src/des_display.o -o build/x86_64-debug/src/des_display.o  -Wall -fmessage-length=0 -g -O0 -fno-builtin  src/des_display.c
In file included from src/des_display.c:1:
src/../../des_controller/src/des.h:46:5: error: unknown type name 'string'
     string status;
     ^~~~~~
cc: C:/Users/gemmx/qnx710/host/win64/x86_64/usr/lib/gcc/x86_64-pc-nto-qnx7.1.0/8.3.0/cc1 caught signal 1
Makefile:55: recipe for target 'build/x86_64-debug/src/des_display.o' failed
make: *** [build/x86_64-debug/src/des_display.o] Error 1
"make -j6 all" terminated with exit code 2. Build might be incomplete.
10:36:37 **** Incremental Build of configuration x86_64-debug for project des_inputs ****
make -j6 all 
qcc -Vgcc_ntox86_64 -c -Wp,-MMD,build/x86_64-debug/src/des_inputs.d,-MT,build/x86_64-debug/src/des_inputs.o -o build/x86_64-debug/src/des_inputs.o  -Wall -fmessage-length=0 -g -O0 -fno-builtin  src/des_inputs.c
In file included from src/des_inputs.c:1:
src/../../des_controller/src/des.h:46:5: error: unknown type name 'string'
     string status;
     ^~~~~~
cc: C:/Users/gemmx/qnx710/host/win64/x86_64/usr/lib/gcc/x86_64-pc-nto-qnx7.1.0/8.3.0/cc1 caught signal 1
Makefile:55: recipe for target 'build/x86_64-debug/src/des_inputs.o' failed
make: *** [build/x86_64-debug/src/des_inputs.o] Error 1
"make -j6 all" terminated with exit code 2. Build might be incomplete.
10:36:59 **** Incremental Build of configuration x86_64-debug for project des_controller ****
make -j6 all 
qcc -Vgcc_ntox86_64 -c -Wp,-MMD,build/x86_64-debug/src/des_controller.d,-MT,build/x86_64-debug/src/des_controller.o -o build/x86_64-debug/src/des_controller.o  -Wall -fmessage-length=0 -g -O0 -fno-builtin  src/des_controller.c
qcc -Vgcc_ntox86_64 -o build/x86_64-debug/des_controller   build/x86_64-debug/src/des_controller.o  
10:36:59 **** Incremental Build of configuration x86_64-debug for project des_display ****
make -j6 all 
qcc -Vgcc_ntox86_64 -c -Wp,-MMD,build/x86_64-debug/src/des_display.d,-MT,build/x86_64-debug/src/des_display.o -o build/x86_64-debug/src/des_display.o  -Wall -fmessage-length=0 -g -O0 -fno-builtin  src/des_display.c
qcc -Vgcc_ntox86_64 -o build/x86_64-debug/des_display   build/x86_64-debug/src/des_display.o  
10:37:00 **** Incremental Build of configuration x86_64-debug for project des_inputs ****
make -j6 all 
qcc -Vgcc_ntox86_64 -c -Wp,-MMD,build/x86_64-debug/src/des_inputs.d,-MT,build/x86_64-debug/src/des_inputs.o -o build/x86_64-debug/src/des_inputs.o  -Wall -fmessage-length=0 -g -O0 -fno-builtin  src/des_inputs.c
qcc -Vgcc_ntox86_64 -o build/x86_64-debug/des_inputs   build/x86_64-debug/src/des_inputs.o  
10:44:51 **** Incremental Build of configuration x86_64-debug for project des_controller ****
make -j6 all 
make: Nothing to be done for 'all'.
10:44:51 **** Incremental Build of configuration x86_64-debug for project des_display ****
make -j6 all 
make: Nothing to be done for 'all'.
10:44:52 **** Incremental Build of configuration x86_64-debug for project des_inputs ****
make -j6 all 
qcc -Vgcc_ntox86_64 -c -Wp,-MMD,build/x86_64-debug/src/des_inputs.d,-MT,build/x86_64-debug/src/des_inputs.o -o build/x86_64-debug/src/des_inputs.o  -Wall -fmessage-length=0 -g -O0 -fno-builtin  src/des_inputs.c
qcc -Vgcc_ntox86_64 -o build/x86_64-debug/des_inputs   build/x86_64-debug/src/des_inputs.o  
10:45:45 **** Incremental Build of configuration x86_64-debug for project des_controller ****
make -j6 all 
make: Nothing to be done for 'all'.
10:45:46 **** Incremental Build of configuration x86_64-debug for project des_display ****
make -j6 all 
make: Nothing to be done for 'all'.
10:45:46 **** Incremental Build of configuration x86_64-debug for project des_inputs ****
make -j6 all 
make: Nothing to be done for 'all'.
11:04:13 **** Incremental Build of configuration x86_64-debug for project des_controller ****
make -j6 all 
make: Nothing to be done for 'all'.
11:04:13 **** Incremental Build of configuration x86_64-debug for project des_display ****
make -j6 all 
make: Nothing to be done for 'all'.
11:04:13 **** Incremental Build of configuration x86_64-debug for project des_inputs ****
make -j6 all 
qcc -Vgcc_ntox86_64 -c -Wp,-MMD,build/x86_64-debug/src/des_inputs.d,-MT,build/x86_64-debug/src/des_inputs.o -o build/x86_64-debug/src/des_inputs.o  -Wall -fmessage-length=0 -g -O0 -fno-builtin  src/des_inputs.c
qcc -Vgcc_ntox86_64 -o build/x86_64-debug/des_inputs   build/x86_64-debug/src/des_inputs.o  
12:44:05 **** Incremental Build of configuration x86_64-debug for project des_controller ****
make -j6 all 
qcc -Vgcc_ntox86_64 -c -Wp,-MMD,build/x86_64-debug/src/des_controller.d,-MT,build/x86_64-debug/src/des_controller.o -o build/x86_64-debug/src/des_controller.o  -Wall -fmessage-length=0 -g -O0 -fno-builtin  src/des_controller.c
qcc -Vgcc_ntox86_64 -o build/x86_64-debug/des_controller   build/x86_64-debug/src/des_controller.o  
12:44:06 **** Incremental Build of configuration x86_64-debug for project des_display ****
make -j6 all 
qcc -Vgcc_ntox86_64 -c -Wp,-MMD,build/x86_64-debug/src/des_display.d,-MT,build/x86_64-debug/src/des_display.o -o build/x86_64-debug/src/des_display.o  -Wall -fmessage-length=0 -g -O0 -fno-builtin  src/des_display.c
qcc -Vgcc_ntox86_64 -o build/x86_64-debug/des_display   build/x86_64-debug/src/des_display.o  
12:44:06 **** Incremental Build of configuration x86_64-debug for project des_inputs ****
make -j6 all 
qcc -Vgcc_ntox86_64 -c -Wp,-MMD,build/x86_64-debug/src/des_inputs.d,-MT,build/x86_64-debug/src/des_inputs.o -o build/x86_64-debug/src/des_inputs.o  -Wall -fmessage-length=0 -g -O0 -fno-builtin  src/des_inputs.c
qcc -Vgcc_ntox86_64 -o build/x86_64-debug/des_inputs   build/x86_64-debug/src/des_inputs.o  
12:46:28 **** Incremental Build of configuration x86_64-debug for project des_controller ****
make -j6 all 
make: Nothing to be done for 'all'.
12:46:28 **** Incremental Build of configuration x86_64-debug for project des_display ****
make -j6 all 
make: Nothing to be done for 'all'.
12:46:28 **** Incremental Build of configuration x86_64-debug for project des_inputs ****
make -j6 all 
qcc -Vgcc_ntox86_64 -c -Wp,-MMD,build/x86_64-debug/src/des_inputs.d,-MT,build/x86_64-debug/src/des_inputs.o -o build/x86_64-debug/src/des_inputs.o  -Wall -fmessage-length=0 -g -O0 -fno-builtin  src/des_inputs.c
qcc -Vgcc_ntox86_64 -o build/x86_64-debug/des_inputs   build/x86_64-debug/src/des_inputs.o  
12:51:05 **** Incremental Build of configuration x86_64-debug for project des_controller ****
make -j6 all 
make: Nothing to be done for 'all'.
12:51:05 **** Incremental Build of configuration x86_64-debug for project des_display ****
make -j6 all 
make: Nothing to be done for 'all'.
12:51:06 **** Incremental Build of configuration x86_64-debug for project des_inputs ****
make -j6 all 
make: Nothing to be done for 'all'.
13:10:54 **** Incremental Build of configuration x86_64-debug for project des_controller ****
make -j6 all 
qcc -Vgcc_ntox86_64 -c -Wp,-MMD,build/x86_64-debug/src/des_controller.d,-MT,build/x86_64-debug/src/des_controller.o -o build/x86_64-debug/src/des_controller.o  -Wall -fmessage-length=0 -g -O0 -fno-builtin  src/des_controller.c
qcc -Vgcc_ntox86_64 -o build/x86_64-debug/des_controller   build/x86_64-debug/src/des_controller.o  
13:10:56 **** Incremental Build of configuration x86_64-debug for project des_display ****
make -j6 all 
make: Nothing to be done for 'all'.
13:10:56 **** Incremental Build of configuration x86_64-debug for project des_inputs ****
make -j6 all 
make: Nothing to be done for 'all'.
13:17:18 **** Incremental Build of configuration x86_64-debug for project des_controller ****
make -j6 all 
make: Nothing to be done for 'all'.
13:17:18 **** Incremental Build of configuration x86_64-debug for project des_display ****
make -j6 all 
make: Nothing to be done for 'all'.
13:17:18 **** Incremental Build of configuration x86_64-debug for project des_inputs ****
make -j6 all 
qcc -Vgcc_ntox86_64 -c -Wp,-MMD,build/x86_64-debug/src/des_inputs.d,-MT,build/x86_64-debug/src/des_inputs.o -o build/x86_64-debug/src/des_inputs.o  -Wall -fmessage-length=0 -g -O0 -fno-builtin  src/des_inputs.c
qcc -Vgcc_ntox86_64 -o build/x86_64-debug/des_inputs   build/x86_64-debug/src/des_inputs.o  
13:21:42 **** Incremental Build of configuration x86_64-debug for project des_controller ****
make -j6 all 
make: Nothing to be done for 'all'.
13:21:42 **** Incremental Build of configuration x86_64-debug for project des_display ****
make -j6 all 
make: Nothing to be done for 'all'.
13:21:43 **** Incremental Build of configuration x86_64-debug for project des_inputs ****
make -j6 all 
qcc -Vgcc_ntox86_64 -c -Wp,-MMD,build/x86_64-debug/src/des_inputs.d,-MT,build/x86_64-debug/src/des_inputs.o -o build/x86_64-debug/src/des_inputs.o  -Wall -fmessage-length=0 -g -O0 -fno-builtin  src/des_inputs.c
qcc -Vgcc_ntox86_64 -o build/x86_64-debug/des_inputs   build/x86_64-debug/src/des_inputs.o  
13:25:02 **** Incremental Build of configuration x86_64-debug for project des_controller ****
make -j6 all 
make: Nothing to be done for 'all'.
13:25:02 **** Incremental Build of configuration x86_64-debug for project des_display ****
make -j6 all 
make: Nothing to be done for 'all'.
13:25:02 **** Incremental Build of configuration x86_64-debug for project des_inputs ****
make -j6 all 
qcc -Vgcc_ntox86_64 -c -Wp,-MMD,build/x86_64-debug/src/des_inputs.d,-MT,build/x86_64-debug/src/des_inputs.o -o build/x86_64-debug/src/des_inputs.o  -Wall -fmessage-length=0 -g -O0 -fno-builtin  src/des_inputs.c
qcc -Vgcc_ntox86_64 -o build/x86_64-debug/des_inputs   build/x86_64-debug/src/des_inputs.o  
13:28:02 **** Incremental Build of configuration x86_64-debug for project des_controller ****
make -j6 all 
make: Nothing to be done for 'all'.
13:28:02 **** Incremental Build of configuration x86_64-debug for project des_display ****
make -j6 all 
make: Nothing to be done for 'all'.
13:28:02 **** Incremental Build of configuration x86_64-debug for project des_inputs ****
make -j6 all 
make: Nothing to be done for 'all'.
13:29:40 **** Incremental Build of configuration x86_64-debug for project des_controller ****
make -j6 all 
qcc -Vgcc_ntox86_64 -c -Wp,-MMD,build/x86_64-debug/src/des_controller.d,-MT,build/x86_64-debug/src/des_controller.o -o build/x86_64-debug/src/des_controller.o  -Wall -fmessage-length=0 -g -O0 -fno-builtin  src/des_controller.c
qcc -Vgcc_ntox86_64 -o build/x86_64-debug/des_controller   build/x86_64-debug/src/des_controller.o  
13:29:41 **** Incremental Build of configuration x86_64-debug for project des_display ****
make -j6 all 
make: Nothing to be done for 'all'.
13:29:41 **** Incremental Build of configuration x86_64-debug for project des_inputs ****
make -j6 all 
qcc -Vgcc_ntox86_64 -c -Wp,-MMD,build/x86_64-debug/src/des_inputs.d,-MT,build/x86_64-debug/src/des_inputs.o -o build/x86_64-debug/src/des_inputs.o  -Wall -fmessage-length=0 -g -O0 -fno-builtin  src/des_inputs.c
qcc -Vgcc_ntox86_64 -o build/x86_64-debug/des_inputs   build/x86_64-debug/src/des_inputs.o  
13:35:04 **** Incremental Build of configuration x86_64-debug for project des_controller ****
make -j6 all 
qcc -Vgcc_ntox86_64 -c -Wp,-MMD,build/x86_64-debug/src/des_controller.d,-MT,build/x86_64-debug/src/des_controller.o -o build/x86_64-debug/src/des_controller.o  -Wall -fmessage-length=0 -g -O0 -fno-builtin  src/des_controller.c
src/des_controller.c: In function 'send_status_update':
src/des_controller.c:24:16: warning: passing argument 1 of 'strncpy' discards 'const' qualifier from pointer target type [-Wdiscarded-qualifiers]
     strncpy(msg->status, status, MAX_MSG_SIZE - 1);  // Update the status in the message
             ~~~^~~~~~~~
In file included from src/des.h:6,
                 from src/des_controller.c:1:
C:/Users/gemmx/qnx710/target/qnx7/usr/include/string.h:84:14: note: expected 'char *' but argument is of type 'const char *'
 extern char *strncpy(char *__s1, const char *__s2, size_t __n);
              ^~~~~~~
src/des_controller.c:25:35: error: assignment of read-only location '*(msg->status + 127)'
     msg->status[MAX_MSG_SIZE - 1] = '\0';  // Ensure null termination
                                   ^
src/des_controller.c: In function 'handle_scan':
src/des_controller.c:41:21: warning: passing argument 1 of 'snprintf' discards 'const' qualifier from pointer target type [-Wdiscarded-qualifiers]
         snprintf(msg->status, MAX_MSG_SIZE, "Left card scanned: %d", msg->person_id);
                  ~~~^~~~~~~~
In file included from src/des.h:4,
                 from src/des_controller.c:1:
C:/Users/gemmx/qnx710/target/qnx7/usr/include/stdio.h:189:27: note: expected 'char *' but argument is of type 'const char *'
 extern int snprintf(char *__s, size_t __size, const char *__format, ...) __attribute__((__format__(__printf__, 3, 4)));
                     ~~~~~~^~~
src/des_controller.c:43:21: warning: passing argument 1 of 'snprintf' discards 'const' qualifier from pointer target type [-Wdiscarded-qualifiers]
         snprintf(msg->status, MAX_MSG_SIZE, "Right card scanned: %d", msg->person_id);
                  ~~~^~~~~~~~
In file included from src/des.h:4,
                 from src/des_controller.c:1:
C:/Users/gemmx/qnx710/target/qnx7/usr/include/stdio.h:189:27: note: expected 'char *' but argument is of type 'const char *'
 extern int snprintf(char *__s, size_t __size, const char *__format, ...) __attribute__((__format__(__printf__, 3, 4)));
                     ~~~~~~^~~
src/des_controller.c: In function 'handle_wait_for_scale':
src/des_controller.c:71:21: warning: passing argument 1 of 'snprintf' discards 'const' qualifier from pointer target type [-Wdiscarded-qualifiers]
         snprintf(msg->status, MAX_MSG_SIZE, "Weight recorded: %d kg", msg->weight);
                  ~~~^~~~~~~~
In file included from src/des.h:4,
                 from src/des_controller.c:1:
C:/Users/gemmx/qnx710/target/qnx7/usr/include/stdio.h:189:27: note: expected 'char *' but argument is of type 'const char *'
 extern int snprintf(char *__s, size_t __size, const char *__format, ...) __attribute__((__format__(__printf__, 3, 4)));
                     ~~~~~~^~~
cc: C:/Users/gemmx/qnx710/host/win64/x86_64/usr/lib/gcc/x86_64-pc-nto-qnx7.1.0/8.3.0/cc1 caught signal 1
Makefile:55: recipe for target 'build/x86_64-debug/src/des_controller.o' failed
make: *** [build/x86_64-debug/src/des_controller.o] Error 1
"make -j6 all" terminated with exit code 2. Build might be incomplete.
13:35:04 **** Incremental Build of configuration x86_64-debug for project des_display ****
make -j6 all 
make: Nothing to be done for 'all'.
13:35:05 **** Incremental Build of configuration x86_64-debug for project des_inputs ****
make -j6 all 
make: Nothing to be done for 'all'.
13:42:00 **** Incremental Build of configuration x86_64-debug for project des_controller ****
make -j6 all 
qcc -Vgcc_ntox86_64 -c -Wp,-MMD,build/x86_64-debug/src/des_controller.d,-MT,build/x86_64-debug/src/des_controller.o -o build/x86_64-debug/src/des_controller.o  -Wall -fmessage-length=0 -g -O0 -fno-builtin  src/des_controller.c
src/des_controller.c: In function 'handle_scan':
src/des_controller.c:39:21: warning: passing argument 1 of 'snprintf' discards 'const' qualifier from pointer target type [-Wdiscarded-qualifiers]
         snprintf(msg->status, MAX_MSG_SIZE, "Left card scanned: %d", msg->person_id);
                  ~~~^~~~~~~~
In file included from src/des.h:4,
                 from src/des_controller.c:1:
C:/Users/gemmx/qnx710/target/qnx7/usr/include/stdio.h:189:27: note: expected 'char *' but argument is of type 'const char *'
 extern int snprintf(char *__s, size_t __size, const char *__format, ...) __attribute__((__format__(__printf__, 3, 4)));
                     ~~~~~~^~~
src/des_controller.c:41:21: warning: passing argument 1 of 'snprintf' discards 'const' qualifier from pointer target type [-Wdiscarded-qualifiers]
         snprintf(msg->status, MAX_MSG_SIZE, "Right card scanned: %d", msg->person_id);
                  ~~~^~~~~~~~
In file included from src/des.h:4,
                 from src/des_controller.c:1:
C:/Users/gemmx/qnx710/target/qnx7/usr/include/stdio.h:189:27: note: expected 'char *' but argument is of type 'const char *'
 extern int snprintf(char *__s, size_t __size, const char *__format, ...) __attribute__((__format__(__printf__, 3, 4)));
                     ~~~~~~^~~
src/des_controller.c:47:17: warning: passing argument 1 of 'snprintf' discards 'const' qualifier from pointer target type [-Wdiscarded-qualifiers]
     snprintf(msg->status, MAX_MSG_SIZE, "Waiting for guard unlock.");
              ~~~^~~~~~~~
In file included from src/des.h:4,
                 from src/des_controller.c:1:
C:/Users/gemmx/qnx710/target/qnx7/usr/include/stdio.h:189:27: note: expected 'char *' but argument is of type 'const char *'
 extern int snprintf(char *__s, size_t __size, const char *__format, ...) __attribute__((__format__(__printf__, 3, 4)));
                     ~~~~~~^~~
src/des_controller.c: In function 'handle_wait_for_guard_unlock':
src/des_controller.c:54:21: warning: passing argument 1 of 'snprintf' discards 'const' qualifier from pointer target type [-Wdiscarded-qualifiers]
         snprintf(msg->status, MAX_MSG_SIZE, "Guard unlocked door. Waiting for door open.");
                  ~~~^~~~~~~~
In file included from src/des.h:4,
                 from src/des_controller.c:1:
C:/Users/gemmx/qnx710/target/qnx7/usr/include/stdio.h:189:27: note: expected 'char *' but argument is of type 'const char *'
 extern int snprintf(char *__s, size_t __size, const char *__format, ...) __attribute__((__format__(__printf__, 3, 4)));
                     ~~~~~~^~~
src/des_controller.c: In function 'handle_wait_for_first_door_open':
src/des_controller.c:63:21: warning: passing argument 1 of 'snprintf' discards 'const' qualifier from pointer target type [-Wdiscarded-qualifiers]
         snprintf(msg->status, MAX_MSG_SIZE, "Door opened. Waiting for weight scale.");
                  ~~~^~~~~~~~
In file included from src/des.h:4,
                 from src/des_controller.c:1:
C:/Users/gemmx/qnx710/target/qnx7/usr/include/stdio.h:189:27: note: expected 'char *' but argument is of type 'const char *'
 extern int snprintf(char *__s, size_t __size, const char *__format, ...) __attribute__((__format__(__printf__, 3, 4)));
                     ~~~~~~^~~
src/des_controller.c: In function 'handle_wait_for_scale':
src/des_controller.c:72:21: warning: passing argument 1 of 'snprintf' discards 'const' qualifier from pointer target type [-Wdiscarded-qualifiers]
         snprintf(msg->status, MAX_MSG_SIZE, "Weight recorded: %d kg", msg->weight);
                  ~~~^~~~~~~~
In file included from src/des.h:4,
                 from src/des_controller.c:1:
C:/Users/gemmx/qnx710/target/qnx7/usr/include/stdio.h:189:27: note: expected 'char *' but argument is of type 'const char *'
 extern int snprintf(char *__s, size_t __size, const char *__format, ...) __attribute__((__format__(__printf__, 3, 4)));
                     ~~~~~~^~~
src/des_controller.c:74:21: warning: passing argument 1 of 'snprintf' discards 'const' qualifier from pointer target type [-Wdiscarded-qualifiers]
         snprintf(msg->status, MAX_MSG_SIZE, "Waiting for door close.");
                  ~~~^~~~~~~~
In file included from src/des.h:4,
                 from src/des_controller.c:1:
C:/Users/gemmx/qnx710/target/qnx7/usr/include/stdio.h:189:27: note: expected 'char *' but argument is of type 'const char *'
 extern int snprintf(char *__s, size_t __size, const char *__format, ...) __attribute__((__format__(__printf__, 3, 4)));
                     ~~~~~~^~~
src/des_controller.c: In function 'handle_wait_for_first_door_close':
src/des_controller.c:83:21: warning: passing argument 1 of 'snprintf' discards 'const' qualifier from pointer target type [-Wdiscarded-qualifiers]
         snprintf(msg->status, MAX_MSG_SIZE, "First door closed. Waiting for second door unlock.");
                  ~~~^~~~~~~~
In file included from src/des.h:4,
                 from src/des_controller.c:1:
C:/Users/gemmx/qnx710/target/qnx7/usr/include/stdio.h:189:27: note: expected 'char *' but argument is of type 'const char *'
 extern int snprintf(char *__s, size_t __size, const char *__format, ...) __attribute__((__format__(__printf__, 3, 4)));
                     ~~~~~~^~~
src/des_controller.c: In function 'handle_wait_for_second_door_unlock':
src/des_controller.c:92:21: warning: passing argument 1 of 'snprintf' discards 'const' qualifier from pointer target type [-Wdiscarded-qualifiers]
         snprintf(msg->status, MAX_MSG_SIZE, "Second door unlocked. Waiting for open.");
                  ~~~^~~~~~~~
In file included from src/des.h:4,
                 from src/des_controller.c:1:
C:/Users/gemmx/qnx710/target/qnx7/usr/include/stdio.h:189:27: note: expected 'char *' but argument is of type 'const char *'
 extern int snprintf(char *__s, size_t __size, const char *__format, ...) __attribute__((__format__(__printf__, 3, 4)));
                     ~~~~~~^~~
src/des_controller.c: In function 'handle_wait_for_second_door_open':
src/des_controller.c:101:21: warning: passing argument 1 of 'snprintf' discards 'const' qualifier from pointer target type [-Wdiscarded-qualifiers]
         snprintf(msg->status, MAX_MSG_SIZE, "Second door opened. Waiting for close.");
                  ~~~^~~~~~~~
In file included from src/des.h:4,
                 from src/des_controller.c:1:
C:/Users/gemmx/qnx710/target/qnx7/usr/include/stdio.h:189:27: note: expected 'char *' but argument is of type 'const char *'
 extern int snprintf(char *__s, size_t __size, const char *__format, ...) __attribute__((__format__(__printf__, 3, 4)));
                     ~~~~~~^~~
src/des_controller.c: In function 'handle_wait_for_second_door_close':
src/des_controller.c:110:21: warning: passing argument 1 of 'snprintf' discards 'const' qualifier from pointer target type [-Wdiscarded-qualifiers]
         snprintf(msg->status, MAX_MSG_SIZE, "Second door closed. Entry complete.");
                  ~~~^~~~~~~~
In file included from src/des.h:4,
                 from src/des_controller.c:1:
C:/Users/gemmx/qnx710/target/qnx7/usr/include/stdio.h:189:27: note: expected 'char *' but argument is of type 'const char *'
 extern int snprintf(char *__s, size_t __size, const char *__format, ...) __attribute__((__format__(__printf__, 3, 4)));
                     ~~~~~~^~~
qcc -Vgcc_ntox86_64 -o build/x86_64-debug/des_controller   build/x86_64-debug/src/des_controller.o  
13:42:01 **** Incremental Build of configuration x86_64-debug for project des_display ****
make -j6 all 
make: Nothing to be done for 'all'.
13:42:01 **** Incremental Build of configuration x86_64-debug for project des_inputs ****
make -j6 all 
make: Nothing to be done for 'all'.
13:44:06 **** Incremental Build of configuration x86_64-debug for project des_controller ****
make -j6 all 
make: Nothing to be done for 'all'.
13:44:06 **** Incremental Build of configuration x86_64-debug for project des_display ****
make -j6 all 
make: Nothing to be done for 'all'.
13:44:06 **** Incremental Build of configuration x86_64-debug for project des_inputs ****
make -j6 all 
make: Nothing to be done for 'all'.
13:47:37 **** Incremental Build of configuration x86_64-debug for project des_display ****
make -j6 all 
make: Nothing to be done for 'all'.
13:47:54 **** Incremental Build of configuration x86_64-debug for project des_controller ****
make -j6 all 
make: Nothing to be done for 'all'.
13:48:08 **** Incremental Build of configuration x86_64-debug for project des_inputs ****
make -j6 all 
make: Nothing to be done for 'all'.
14:26:10 **** Incremental Build of configuration x86_64-debug for project des_controller ****
make -j6 all 
qcc -Vgcc_ntox86_64 -c -Wp,-MMD,build/x86_64-debug/src/des_controller.d,-MT,build/x86_64-debug/src/des_controller.o -o build/x86_64-debug/src/des_controller.o  -Wall -fmessage-length=0 -g -O0 -fno-builtin  src/des_controller.c
src/des_controller.c: In function 'handle_scan':
src/des_controller.c:39:21: warning: passing argument 1 of 'snprintf' discards 'const' qualifier from pointer target type [-Wdiscarded-qualifiers]
         snprintf(msg->status, MAX_MSG_SIZE, "Left card scanned: %d", msg->person_id);
                  ~~~^~~~~~~~
In file included from src/des.h:4,
                 from src/des_controller.c:1:
C:/Users/gemmx/qnx710/target/qnx7/usr/include/stdio.h:189:27: note: expected 'char *' but argument is of type 'const char *'
 extern int snprintf(char *__s, size_t __size, const char *__format, ...) __attribute__((__format__(__printf__, 3, 4)));
                     ~~~~~~^~~
src/des_controller.c:41:21: warning: passing argument 1 of 'snprintf' discards 'const' qualifier from pointer target type [-Wdiscarded-qualifiers]
         snprintf(msg->status, MAX_MSG_SIZE, "Right card scanned: %d", msg->person_id);
                  ~~~^~~~~~~~
In file included from src/des.h:4,
                 from src/des_controller.c:1:
C:/Users/gemmx/qnx710/target/qnx7/usr/include/stdio.h:189:27: note: expected 'char *' but argument is of type 'const char *'
 extern int snprintf(char *__s, size_t __size, const char *__format, ...) __attribute__((__format__(__printf__, 3, 4)));
                     ~~~~~~^~~
src/des_controller.c:47:17: warning: passing argument 1 of 'snprintf' discards 'const' qualifier from pointer target type [-Wdiscarded-qualifiers]
     snprintf(msg->status, MAX_MSG_SIZE, "Waiting for guard unlock.");
              ~~~^~~~~~~~
In file included from src/des.h:4,
                 from src/des_controller.c:1:
C:/Users/gemmx/qnx710/target/qnx7/usr/include/stdio.h:189:27: note: expected 'char *' but argument is of type 'const char *'
 extern int snprintf(char *__s, size_t __size, const char *__format, ...) __attribute__((__format__(__printf__, 3, 4)));
                     ~~~~~~^~~
src/des_controller.c: In function 'handle_wait_for_guard_unlock':
src/des_controller.c:54:21: warning: passing argument 1 of 'snprintf' discards 'const' qualifier from pointer target type [-Wdiscarded-qualifiers]
         snprintf(msg->status, MAX_MSG_SIZE, "Guard unlocked door. Waiting for door open.");
                  ~~~^~~~~~~~
In file included from src/des.h:4,
                 from src/des_controller.c:1:
C:/Users/gemmx/qnx710/target/qnx7/usr/include/stdio.h:189:27: note: expected 'char *' but argument is of type 'const char *'
 extern int snprintf(char *__s, size_t __size, const char *__format, ...) __attribute__((__format__(__printf__, 3, 4)));
                     ~~~~~~^~~
src/des_controller.c: In function 'handle_wait_for_first_door_open':
src/des_controller.c:63:21: warning: passing argument 1 of 'snprintf' discards 'const' qualifier from pointer target type [-Wdiscarded-qualifiers]
         snprintf(msg->status, MAX_MSG_SIZE, "Door opened. Waiting for weight scale.");
                  ~~~^~~~~~~~
In file included from src/des.h:4,
                 from src/des_controller.c:1:
C:/Users/gemmx/qnx710/target/qnx7/usr/include/stdio.h:189:27: note: expected 'char *' but argument is of type 'const char *'
 extern int snprintf(char *__s, size_t __size, const char *__format, ...) __attribute__((__format__(__printf__, 3, 4)));
                     ~~~~~~^~~
src/des_controller.c: In function 'handle_wait_for_scale':
src/des_controller.c:72:21: warning: passing argument 1 of 'snprintf' discards 'const' qualifier from pointer target type [-Wdiscarded-qualifiers]
         snprintf(msg->status, MAX_MSG_SIZE, "Weight recorded: %d kg", msg->weight);
                  ~~~^~~~~~~~
In file included from src/des.h:4,
                 from src/des_controller.c:1:
C:/Users/gemmx/qnx710/target/qnx7/usr/include/stdio.h:189:27: note: expected 'char *' but argument is of type 'const char *'
 extern int snprintf(char *__s, size_t __size, const char *__format, ...) __attribute__((__format__(__printf__, 3, 4)));
                     ~~~~~~^~~
src/des_controller.c:74:21: warning: passing argument 1 of 'snprintf' discards 'const' qualifier from pointer target type [-Wdiscarded-qualifiers]
         snprintf(msg->status, MAX_MSG_SIZE, "Waiting for door close.");
                  ~~~^~~~~~~~
In file included from src/des.h:4,
                 from src/des_controller.c:1:
C:/Users/gemmx/qnx710/target/qnx7/usr/include/stdio.h:189:27: note: expected 'char *' but argument is of type 'const char *'
 extern int snprintf(char *__s, size_t __size, const char *__format, ...) __attribute__((__format__(__printf__, 3, 4)));
                     ~~~~~~^~~
src/des_controller.c: In function 'handle_wait_for_first_door_close':
src/des_controller.c:83:21: warning: passing argument 1 of 'snprintf' discards 'const' qualifier from pointer target type [-Wdiscarded-qualifiers]
         snprintf(msg->status, MAX_MSG_SIZE, "First door closed. Waiting for second door unlock.");
                  ~~~^~~~~~~~
In file included from src/des.h:4,
                 from src/des_controller.c:1:
C:/Users/gemmx/qnx710/target/qnx7/usr/include/stdio.h:189:27: note: expected 'char *' but argument is of type 'const char *'
 extern int snprintf(char *__s, size_t __size, const char *__format, ...) __attribute__((__format__(__printf__, 3, 4)));
                     ~~~~~~^~~
src/des_controller.c: In function 'handle_wait_for_second_door_unlock':
src/des_controller.c:92:21: warning: passing argument 1 of 'snprintf' discards 'const' qualifier from pointer target type [-Wdiscarded-qualifiers]
         snprintf(msg->status, MAX_MSG_SIZE, "Second door unlocked. Waiting for open.");
                  ~~~^~~~~~~~
In file included from src/des.h:4,
                 from src/des_controller.c:1:
C:/Users/gemmx/qnx710/target/qnx7/usr/include/stdio.h:189:27: note: expected 'char *' but argument is of type 'const char *'
 extern int snprintf(char *__s, size_t __size, const char *__format, ...) __attribute__((__format__(__printf__, 3, 4)));
                     ~~~~~~^~~
src/des_controller.c: In function 'handle_wait_for_second_door_open':
src/des_controller.c:101:21: warning: passing argument 1 of 'snprintf' discards 'const' qualifier from pointer target type [-Wdiscarded-qualifiers]
         snprintf(msg->status, MAX_MSG_SIZE, "Second door opened. Waiting for close.");
                  ~~~^~~~~~~~
In file included from src/des.h:4,
                 from src/des_controller.c:1:
C:/Users/gemmx/qnx710/target/qnx7/usr/include/stdio.h:189:27: note: expected 'char *' but argument is of type 'const char *'
 extern int snprintf(char *__s, size_t __size, const char *__format, ...) __attribute__((__format__(__printf__, 3, 4)));
                     ~~~~~~^~~
src/des_controller.c: In function 'handle_wait_for_second_door_close':
src/des_controller.c:110:21: warning: passing argument 1 of 'snprintf' discards 'const' qualifier from pointer target type [-Wdiscarded-qualifiers]
         snprintf(msg->status, MAX_MSG_SIZE, "Second door closed. Entry complete.");
                  ~~~^~~~~~~~
In file included from src/des.h:4,
                 from src/des_controller.c:1:
C:/Users/gemmx/qnx710/target/qnx7/usr/include/stdio.h:189:27: note: expected 'char *' but argument is of type 'const char *'
 extern int snprintf(char *__s, size_t __size, const char *__format, ...) __attribute__((__format__(__printf__, 3, 4)));
                     ~~~~~~^~~
qcc -Vgcc_ntox86_64 -o build/x86_64-debug/des_controller   build/x86_64-debug/src/des_controller.o  
14:26:11 **** Incremental Build of configuration x86_64-debug for project des_display ****
make -j6 all 
qcc -Vgcc_ntox86_64 -c -Wp,-MMD,build/x86_64-debug/src/des_display.d,-MT,build/x86_64-debug/src/des_display.o -o build/x86_64-debug/src/des_display.o  -Wall -fmessage-length=0 -g -O0 -fno-builtin  src/des_display.c
qcc -Vgcc_ntox86_64 -o build/x86_64-debug/des_display   build/x86_64-debug/src/des_display.o  
14:26:13 **** Incremental Build of configuration x86_64-debug for project des_inputs ****
make -j6 all 
qcc -Vgcc_ntox86_64 -c -Wp,-MMD,build/x86_64-debug/src/des_inputs.d,-MT,build/x86_64-debug/src/des_inputs.o -o build/x86_64-debug/src/des_inputs.o  -Wall -fmessage-length=0 -g -O0 -fno-builtin  src/des_inputs.c
qcc -Vgcc_ntox86_64 -o build/x86_64-debug/des_inputs   build/x86_64-debug/src/des_inputs.o  
14:35:20 **** Incremental Build of configuration x86_64-debug for project des_controller ****
make -j6 all 
qcc -Vgcc_ntox86_64 -c -Wp,-MMD,build/x86_64-debug/src/des_controller.d,-MT,build/x86_64-debug/src/des_controller.o -o build/x86_64-debug/src/des_controller.o  -Wall -fmessage-length=0 -g -O0 -fno-builtin  src/des_controller.c
src/des_controller.c: In function 'handle_scan':
src/des_controller.c:41:32: warning: passing argument 1 of 'snprintf' discards 'const' qualifier from pointer target type [-Wdiscarded-qualifiers]
         int code = snprintf(msg->status, MAX_MSG_SIZE, "Left card scanned: %d", msg->person_id);
                             ~~~^~~~~~~~
In file included from src/des.h:4,
                 from src/des_controller.c:1:
C:/Users/gemmx/qnx710/target/qnx7/usr/include/stdio.h:189:27: note: expected 'char *' but argument is of type 'const char *'
 extern int snprintf(char *__s, size_t __size, const char *__format, ...) __attribute__((__format__(__printf__, 3, 4)));
                     ~~~~~~^~~
src/des_controller.c:41:13: warning: unused variable 'code' [-Wunused-variable]
         int code = snprintf(msg->status, MAX_MSG_SIZE, "Left card scanned: %d", msg->person_id);
             ^~~~
src/des_controller.c:43:21: warning: passing argument 1 of 'snprintf' discards 'const' qualifier from pointer target type [-Wdiscarded-qualifiers]
         snprintf(msg->status, MAX_MSG_SIZE, "Right card scanned: %d", msg->person_id);
                  ~~~^~~~~~~~
In file included from src/des.h:4,
                 from src/des_controller.c:1:
C:/Users/gemmx/qnx710/target/qnx7/usr/include/stdio.h:189:27: note: expected 'char *' but argument is of type 'const char *'
 extern int snprintf(char *__s, size_t __size, const char *__format, ...) __attribute__((__format__(__printf__, 3, 4)));
                     ~~~~~~^~~
src/des_controller.c:49:17: warning: passing argument 1 of 'snprintf' discards 'const' qualifier from pointer target type [-Wdiscarded-qualifiers]
     snprintf(msg->status, MAX_MSG_SIZE, "Waiting for guard unlock.");
              ~~~^~~~~~~~
In file included from src/des.h:4,
                 from src/des_controller.c:1:
C:/Users/gemmx/qnx710/target/qnx7/usr/include/stdio.h:189:27: note: expected 'char *' but argument is of type 'const char *'
 extern int snprintf(char *__s, size_t __size, const char *__format, ...) __attribute__((__format__(__printf__, 3, 4)));
                     ~~~~~~^~~
src/des_controller.c: In function 'handle_wait_for_guard_unlock':
src/des_controller.c:56:21: warning: passing argument 1 of 'snprintf' discards 'const' qualifier from pointer target type [-Wdiscarded-qualifiers]
         snprintf(msg->status, MAX_MSG_SIZE, "Guard unlocked door. Waiting for door open.");
                  ~~~^~~~~~~~
In file included from src/des.h:4,
                 from src/des_controller.c:1:
C:/Users/gemmx/qnx710/target/qnx7/usr/include/stdio.h:189:27: note: expected 'char *' but argument is of type 'const char *'
 extern int snprintf(char *__s, size_t __size, const char *__format, ...) __attribute__((__format__(__printf__, 3, 4)));
                     ~~~~~~^~~
src/des_controller.c: In function 'handle_wait_for_first_door_open':
src/des_controller.c:65:21: warning: passing argument 1 of 'snprintf' discards 'const' qualifier from pointer target type [-Wdiscarded-qualifiers]
         snprintf(msg->status, MAX_MSG_SIZE, "Door opened. Waiting for weight scale.");
                  ~~~^~~~~~~~
In file included from src/des.h:4,
                 from src/des_controller.c:1:
C:/Users/gemmx/qnx710/target/qnx7/usr/include/stdio.h:189:27: note: expected 'char *' but argument is of type 'const char *'
 extern int snprintf(char *__s, size_t __size, const char *__format, ...) __attribute__((__format__(__printf__, 3, 4)));
                     ~~~~~~^~~
src/des_controller.c: In function 'handle_wait_for_scale':
src/des_controller.c:74:21: warning: passing argument 1 of 'snprintf' discards 'const' qualifier from pointer target type [-Wdiscarded-qualifiers]
         snprintf(msg->status, MAX_MSG_SIZE, "Weight recorded: %d kg", msg->weight);
                  ~~~^~~~~~~~
In file included from src/des.h:4,
                 from src/des_controller.c:1:
C:/Users/gemmx/qnx710/target/qnx7/usr/include/stdio.h:189:27: note: expected 'char *' but argument is of type 'const char *'
 extern int snprintf(char *__s, size_t __size, const char *__format, ...) __attribute__((__format__(__printf__, 3, 4)));
                     ~~~~~~^~~
src/des_controller.c:76:21: warning: passing argument 1 of 'snprintf' discards 'const' qualifier from pointer target type [-Wdiscarded-qualifiers]
         snprintf(msg->status, MAX_MSG_SIZE, "Waiting for door close.");
                  ~~~^~~~~~~~
In file included from src/des.h:4,
                 from src/des_controller.c:1:
C:/Users/gemmx/qnx710/target/qnx7/usr/include/stdio.h:189:27: note: expected 'char *' but argument is of type 'const char *'
 extern int snprintf(char *__s, size_t __size, const char *__format, ...) __attribute__((__format__(__printf__, 3, 4)));
                     ~~~~~~^~~
src/des_controller.c: In function 'handle_wait_for_first_door_close':
src/des_controller.c:85:21: warning: passing argument 1 of 'snprintf' discards 'const' qualifier from pointer target type [-Wdiscarded-qualifiers]
         snprintf(msg->status, MAX_MSG_SIZE, "First door closed. Waiting for second door unlock.");
                  ~~~^~~~~~~~
In file included from src/des.h:4,
                 from src/des_controller.c:1:
C:/Users/gemmx/qnx710/target/qnx7/usr/include/stdio.h:189:27: note: expected 'char *' but argument is of type 'const char *'
 extern int snprintf(char *__s, size_t __size, const char *__format, ...) __attribute__((__format__(__printf__, 3, 4)));
                     ~~~~~~^~~
src/des_controller.c: In function 'handle_wait_for_second_door_unlock':
src/des_controller.c:94:21: warning: passing argument 1 of 'snprintf' discards 'const' qualifier from pointer target type [-Wdiscarded-qualifiers]
         snprintf(msg->status, MAX_MSG_SIZE, "Second door unlocked. Waiting for open.");
                  ~~~^~~~~~~~
In file included from src/des.h:4,
                 from src/des_controller.c:1:
C:/Users/gemmx/qnx710/target/qnx7/usr/include/stdio.h:189:27: note: expected 'char *' but argument is of type 'const char *'
 extern int snprintf(char *__s, size_t __size, const char *__format, ...) __attribute__((__format__(__printf__, 3, 4)));
                     ~~~~~~^~~
src/des_controller.c: In function 'handle_wait_for_second_door_open':
src/des_controller.c:103:21: warning: passing argument 1 of 'snprintf' discards 'const' qualifier from pointer target type [-Wdiscarded-qualifiers]
         snprintf(msg->status, MAX_MSG_SIZE, "Second door opened. Waiting for close.");
                  ~~~^~~~~~~~
In file included from src/des.h:4,
                 from src/des_controller.c:1:
C:/Users/gemmx/qnx710/target/qnx7/usr/include/stdio.h:189:27: note: expected 'char *' but argument is of type 'const char *'
 extern int snprintf(char *__s, size_t __size, const char *__format, ...) __attribute__((__format__(__printf__, 3, 4)));
                     ~~~~~~^~~
src/des_controller.c: In function 'handle_wait_for_second_door_close':
src/des_controller.c:112:21: warning: passing argument 1 of 'snprintf' discards 'const' qualifier from pointer target type [-Wdiscarded-qualifiers]
         snprintf(msg->status, MAX_MSG_SIZE, "Second door closed. Entry complete.");
                  ~~~^~~~~~~~
In file included from src/des.h:4,
                 from src/des_controller.c:1:
C:/Users/gemmx/qnx710/target/qnx7/usr/include/stdio.h:189:27: note: expected 'char *' but argument is of type 'const char *'
 extern int snprintf(char *__s, size_t __size, const char *__format, ...) __attribute__((__format__(__printf__, 3, 4)));
                     ~~~~~~^~~
qcc -Vgcc_ntox86_64 -o build/x86_64-debug/des_controller   build/x86_64-debug/src/des_controller.o  
14:35:21 **** Incremental Build of configuration x86_64-debug for project des_display ****
make -j6 all 
qcc -Vgcc_ntox86_64 -c -Wp,-MMD,build/x86_64-debug/src/des_display.d,-MT,build/x86_64-debug/src/des_display.o -o build/x86_64-debug/src/des_display.o  -Wall -fmessage-length=0 -g -O0 -fno-builtin  src/des_display.c
qcc -Vgcc_ntox86_64 -o build/x86_64-debug/des_display   build/x86_64-debug/src/des_display.o  
14:35:22 **** Incremental Build of configuration x86_64-debug for project des_inputs ****
make -j6 all 
make: Nothing to be done for 'all'.
14:36:14 **** Incremental Build of configuration x86_64-debug for project des_controller ****
make -j6 all 
qcc -Vgcc_ntox86_64 -c -Wp,-MMD,build/x86_64-debug/src/des_controller.d,-MT,build/x86_64-debug/src/des_controller.o -o build/x86_64-debug/src/des_controller.o  -Wall -fmessage-length=0 -g -O0 -fno-builtin  src/des_controller.c
src/des_controller.c: In function 'handle_scan':
src/des_controller.c:41:13: warning: unused variable 'code' [-Wunused-variable]
         int code = snprintf(msg->status, MAX_MSG_SIZE, "Left card scanned: %d", msg->person_id);
             ^~~~
qcc -Vgcc_ntox86_64 -o build/x86_64-debug/des_controller   build/x86_64-debug/src/des_controller.o  
14:36:16 **** Incremental Build of configuration x86_64-debug for project des_display ****
make -j6 all 
qcc -Vgcc_ntox86_64 -c -Wp,-MMD,build/x86_64-debug/src/des_display.d,-MT,build/x86_64-debug/src/des_display.o -o build/x86_64-debug/src/des_display.o  -Wall -fmessage-length=0 -g -O0 -fno-builtin  src/des_display.c
qcc -Vgcc_ntox86_64 -o build/x86_64-debug/des_display   build/x86_64-debug/src/des_display.o  
14:36:17 **** Incremental Build of configuration x86_64-debug for project des_inputs ****
make -j6 all 
qcc -Vgcc_ntox86_64 -c -Wp,-MMD,build/x86_64-debug/src/des_inputs.d,-MT,build/x86_64-debug/src/des_inputs.o -o build/x86_64-debug/src/des_inputs.o  -Wall -fmessage-length=0 -g -O0 -fno-builtin  src/des_inputs.c
qcc -Vgcc_ntox86_64 -o build/x86_64-debug/des_inputs   build/x86_64-debug/src/des_inputs.o  
14:36:55 **** Incremental Build of configuration x86_64-debug for project des_controller ****
make -j6 all 
make: Nothing to be done for 'all'.
14:36:56 **** Incremental Build of configuration x86_64-debug for project des_display ****
make -j6 all 
make: Nothing to be done for 'all'.
14:36:56 **** Incremental Build of configuration x86_64-debug for project des_inputs ****
make -j6 all 
make: Nothing to be done for 'all'.
14:51:36 **** Incremental Build of configuration x86_64-debug for project des_controller ****
make -j6 all 
qcc -Vgcc_ntox86_64 -c -Wp,-MMD,build/x86_64-debug/src/des_controller.d,-MT,build/x86_64-debug/src/des_controller.o -o build/x86_64-debug/src/des_controller.o  -Wall -fmessage-length=0 -g -O0 -fno-builtin  src/des_controller.c
src/des_controller.c: In function 'handle_scan':
src/des_controller.c:41:13: warning: unused variable 'code' [-Wunused-variable]
         int code = snprintf(msg->status, MAX_MSG_SIZE, "Left card scanned: %d", msg->person_id);
             ^~~~
qcc -Vgcc_ntox86_64 -o build/x86_64-debug/des_controller   build/x86_64-debug/src/des_controller.o  
14:51:37 **** Incremental Build of configuration x86_64-debug for project des_display ****
make -j6 all 
make: Nothing to be done for 'all'.
14:51:37 **** Incremental Build of configuration x86_64-debug for project des_inputs ****
make -j6 all 
make: Nothing to be done for 'all'.
14:57:28 **** Incremental Build of configuration x86_64-debug for project des_controller ****
make -j6 all 
qcc -Vgcc_ntox86_64 -c -Wp,-MMD,build/x86_64-debug/src/des_controller.d,-MT,build/x86_64-debug/src/des_controller.o -o build/x86_64-debug/src/des_controller.o  -Wall -fmessage-length=0 -g -O0 -fno-builtin  src/des_controller.c
qcc -Vgcc_ntox86_64 -o build/x86_64-debug/des_controller   build/x86_64-debug/src/des_controller.o  
14:57:29 **** Incremental Build of configuration x86_64-debug for project des_display ****
make -j6 all 
make: Nothing to be done for 'all'.
14:57:29 **** Incremental Build of configuration x86_64-debug for project des_inputs ****
make -j6 all 
make: Nothing to be done for 'all'.
15:00:35 **** Incremental Build of configuration x86_64-debug for project des_controller ****
make -j6 all 
qcc -Vgcc_ntox86_64 -c -Wp,-MMD,build/x86_64-debug/src/des_controller.d,-MT,build/x86_64-debug/src/des_controller.o -o build/x86_64-debug/src/des_controller.o  -Wall -fmessage-length=0 -g -O0 -fno-builtin  src/des_controller.c
qcc -Vgcc_ntox86_64 -o build/x86_64-debug/des_controller   build/x86_64-debug/src/des_controller.o  
15:00:36 **** Incremental Build of configuration x86_64-debug for project des_display ****
make -j6 all 
make: Nothing to be done for 'all'.
15:00:37 **** Incremental Build of configuration x86_64-debug for project des_inputs ****
make -j6 all 
make: Nothing to be done for 'all'.
15:05:34 **** Incremental Build of configuration x86_64-debug for project des_controller ****
make -j6 all 
qcc -Vgcc_ntox86_64 -c -Wp,-MMD,build/x86_64-debug/src/des_controller.d,-MT,build/x86_64-debug/src/des_controller.o -o build/x86_64-debug/src/des_controller.o  -Wall -fmessage-length=0 -g -O0 -fno-builtin  src/des_controller.c
qcc -Vgcc_ntox86_64 -o build/x86_64-debug/des_controller   build/x86_64-debug/src/des_controller.o  
15:05:35 **** Incremental Build of configuration x86_64-debug for project des_display ****
make -j6 all 
make: Nothing to be done for 'all'.
15:05:36 **** Incremental Build of configuration x86_64-debug for project des_inputs ****
make -j6 all 
make: Nothing to be done for 'all'.
15:06:06 **** Incremental Build of configuration x86_64-debug for project des_controller ****
make -j6 all 
make: Nothing to be done for 'all'.
15:06:06 **** Incremental Build of configuration x86_64-debug for project des_display ****
make -j6 all 
make: Nothing to be done for 'all'.
15:06:07 **** Incremental Build of configuration x86_64-debug for project des_inputs ****
make -j6 all 
make: Nothing to be done for 'all'.
15:15:03 **** Incremental Build of configuration x86_64-debug for project des_controller ****
make -j6 all 
qcc -Vgcc_ntox86_64 -c -Wp,-MMD,build/x86_64-debug/src/des_controller.d,-MT,build/x86_64-debug/src/des_controller.o -o build/x86_64-debug/src/des_controller.o  -Wall -fmessage-length=0 -g -O0 -fno-builtin  src/des_controller.c
src/des_controller.c: In function 'main':
src/des_controller.c:132:5: error: 'chid' undeclared (first use in this function); did you mean 'coid'?
     chid = ChannelCreate(0);
     ^~~~
     coid
src/des_controller.c:132:5: note: each undeclared identifier is reported only once for each function it appears in
cc: C:/Users/gemmx/qnx710/host/win64/x86_64/usr/lib/gcc/x86_64-pc-nto-qnx7.1.0/8.3.0/cc1 caught signal 1
Makefile:55: recipe for target 'build/x86_64-debug/src/des_controller.o' failed
make: *** [build/x86_64-debug/src/des_controller.o] Error 1
"make -j6 all" terminated with exit code 2. Build might be incomplete.
15:15:03 **** Incremental Build of configuration x86_64-debug for project des_display ****
make -j6 all 
make: Nothing to be done for 'all'.
15:15:04 **** Incremental Build of configuration x86_64-debug for project des_inputs ****
make -j6 all 
make: Nothing to be done for 'all'.
15:15:19 **** Incremental Build of configuration x86_64-debug for project des_controller ****
make -j6 all 
qcc -Vgcc_ntox86_64 -c -Wp,-MMD,build/x86_64-debug/src/des_controller.d,-MT,build/x86_64-debug/src/des_controller.o -o build/x86_64-debug/src/des_controller.o  -Wall -fmessage-length=0 -g -O0 -fno-builtin  src/des_controller.c
qcc -Vgcc_ntox86_64 -o build/x86_64-debug/des_controller   build/x86_64-debug/src/des_controller.o  
15:15:20 **** Incremental Build of configuration x86_64-debug for project des_display ****
make -j6 all 
make: Nothing to be done for 'all'.
15:15:20 **** Incremental Build of configuration x86_64-debug for project des_inputs ****
make -j6 all 
make: Nothing to be done for 'all'.
15:23:30 **** Incremental Build of configuration x86_64-debug for project des_controller ****
make -j6 all 
make: Nothing to be done for 'all'.
15:23:31 **** Incremental Build of configuration x86_64-debug for project des_display ****
make -j6 all 
make: Nothing to be done for 'all'.
15:23:31 **** Incremental Build of configuration x86_64-debug for project des_inputs ****
make -j6 all 
qcc -Vgcc_ntox86_64 -c -Wp,-MMD,build/x86_64-debug/src/des_inputs.d,-MT,build/x86_64-debug/src/des_inputs.o -o build/x86_64-debug/src/des_inputs.o  -Wall -fmessage-length=0 -g -O0 -fno-builtin  src/des_inputs.c
qcc -Vgcc_ntox86_64 -o build/x86_64-debug/des_inputs   build/x86_64-debug/src/des_inputs.o  
15:30:38 **** Incremental Build of configuration x86_64-debug for project des_controller ****
make -j6 all 
qcc -Vgcc_ntox86_64 -c -Wp,-MMD,build/x86_64-debug/src/des_controller.d,-MT,build/x86_64-debug/src/des_controller.o -o build/x86_64-debug/src/des_controller.o  -Wall -fmessage-length=0 -g -O0 -fno-builtin  src/des_controller.c
qcc -Vgcc_ntox86_64 -o build/x86_64-debug/des_controller   build/x86_64-debug/src/des_controller.o  
15:30:39 **** Incremental Build of configuration x86_64-debug for project des_display ****
make -j6 all 
qcc -Vgcc_ntox86_64 -c -Wp,-MMD,build/x86_64-debug/src/des_display.d,-MT,build/x86_64-debug/src/des_display.o -o build/x86_64-debug/src/des_display.o  -Wall -fmessage-length=0 -g -O0 -fno-builtin  src/des_display.c
qcc -Vgcc_ntox86_64 -o build/x86_64-debug/des_display   build/x86_64-debug/src/des_display.o  
15:30:41 **** Incremental Build of configuration x86_64-debug for project des_inputs ****
make -j6 all 
qcc -Vgcc_ntox86_64 -c -Wp,-MMD,build/x86_64-debug/src/des_inputs.d,-MT,build/x86_64-debug/src/des_inputs.o -o build/x86_64-debug/src/des_inputs.o  -Wall -fmessage-length=0 -g -O0 -fno-builtin  src/des_inputs.c
qcc -Vgcc_ntox86_64 -o build/x86_64-debug/des_inputs   build/x86_64-debug/src/des_inputs.o  
